<?xml version="1.0" encoding="UTF-8"?>
<testng-results ignored="0" total="1" passed="1" failed="0" skipped="0">
  <reporter-output>
  </reporter-output>
  <suite started-at="2025-06-18T22:27:27 IST" name="Default Suite" finished-at="2025-06-18T22:28:23 IST" duration-ms="55654">
    <groups>
    </groups>
    <test started-at="2025-06-18T22:27:27 IST" name="HotelBooking" finished-at="2025-06-18T22:28:23 IST" duration-ms="55654">
      <class name="BokkingTest">
        <test-method signature="hotelBookingTest()[pri:0, instance:BokkingTest@f78a47e]" started-at="2025-06-18T22:27:27 IST" name="hotelBookingTest" finished-at="2025-06-18T22:28:23 IST" duration-ms="55608" status="PASS">
          <reporter-output>
          </reporter-output>
        </test-method> <!-- hotelBookingTest -->
      </class> <!-- BokkingTest -->
    </test> <!-- HotelBooking -->
  </suite> <!-- Default Suite -->
</testng-results>
